Log file created.
2024-08-06 22:41:26,236 - INFO - Data loaded successfully from AAPL.csv
2024-08-06 22:41:26,238 - INFO - Date column Date converted to datetime successfully
2024-08-06 22:41:26,239 - INFO - Data columns: Index(['Date', 'AAPL', 'TXN'], dtype='object')
2024-08-06 22:41:26,239 - INFO - Data shape: (26, 3)
2024-08-06 22:41:26,240 - INFO - Data preprocessing completed successfully
2024-08-06 22:41:26,240 - INFO - Data loaded and preprocessed successfully.
2024-08-06 22:41:26,241 - INFO - Train-test split created successfully.
2024-08-06 22:41:26,241 - INFO - Train shape: (20, 5), Test shape: (6, 5)
2024-08-06 22:41:31,160 - INFO - Line plot for AAPL created successfully
2024-08-06 22:41:31,162 - WARNING - Not enough data for seasonal decomposition (need at least 730 observations)
2024-08-06 22:41:39,531 - INFO - ACF and PACF plots for AAPL created successfully
2024-08-06 22:41:40,678 - INFO - Differenced series plot for AAPL created successfully
2024-08-06 22:41:40,735 - INFO - XGBoost model fitted successfully
2024-08-06 22:41:40,741 - INFO - XGBoost model predictions made successfully
2024-08-06 22:41:40,742 - INFO - XGBoost model trained and predictions made successfully.
2024-08-06 22:41:40,743 - WARNING - Empty train or test set at index 0
2024-08-06 22:41:40,778 - INFO - XGBoost model fitted successfully
2024-08-06 22:41:40,783 - INFO - XGBoost model predictions made successfully
2024-08-06 22:41:40,822 - INFO - XGBoost model fitted successfully
2024-08-06 22:41:40,827 - INFO - XGBoost model predictions made successfully
2024-08-06 22:41:40,867 - INFO - XGBoost model fitted successfully
2024-08-06 22:41:40,873 - INFO - XGBoost model predictions made successfully
2024-08-06 22:41:40,914 - INFO - XGBoost model fitted successfully
2024-08-06 22:41:40,918 - INFO - XGBoost model predictions made successfully
2024-08-06 22:41:40,960 - INFO - XGBoost model fitted successfully
2024-08-06 22:41:40,965 - INFO - XGBoost model predictions made successfully
2024-08-06 22:41:40,966 - INFO - XGBoost model backtesting completed successfully
2024-08-06 22:41:40,967 - INFO - XGBoost model backtested successfully.
2024-08-06 22:41:40,968 - INFO - Backtest results shape: (21, 2)
2024-08-06 22:41:42,066 - INFO - Model performance plot created successfully
2024-08-06 22:41:42,066 - INFO - Results visualized successfully.
2024-08-07 00:25:52,176 - INFO - Data loaded successfully from AAPL.csv
2024-08-07 00:25:52,182 - INFO - Date column Date converted to datetime successfully
2024-08-07 00:25:52,183 - INFO - Data columns: Index(['Date', 'AAPL', 'TXN'], dtype='object')
2024-08-07 00:25:52,183 - INFO - Data shape: (26, 3)
2024-08-07 00:25:52,185 - INFO - Data preprocessing completed successfully
2024-08-07 00:25:52,185 - INFO - Data loaded and preprocessed successfully.
2024-08-07 00:25:52,186 - INFO - Train-test split created successfully.
2024-08-07 00:25:52,186 - INFO - Train shape: (20, 5), Test shape: (6, 5)
2024-08-07 00:26:13,194 - INFO - Line plot for AAPL created successfully
2024-08-07 00:26:13,195 - WARNING - Not enough data for seasonal decomposition (need at least 730 observations)
2024-08-07 00:26:14,443 - INFO - ACF and PACF plots for AAPL created successfully
2024-08-07 00:26:15,578 - INFO - Differenced series plot for AAPL created successfully
2024-08-07 00:26:15,675 - INFO - XGBoost model fitted successfully
2024-08-07 00:26:15,680 - INFO - XGBoost model predictions made successfully
2024-08-07 00:26:15,680 - INFO - XGBoost model trained and predictions made successfully.
2024-08-07 00:26:15,681 - WARNING - Empty train or test set at index 0
2024-08-07 00:26:15,716 - INFO - XGBoost model fitted successfully
2024-08-07 00:26:15,721 - INFO - XGBoost model predictions made successfully
2024-08-07 00:26:15,758 - INFO - XGBoost model fitted successfully
2024-08-07 00:26:15,762 - INFO - XGBoost model predictions made successfully
2024-08-07 00:26:15,801 - INFO - XGBoost model fitted successfully
2024-08-07 00:26:15,807 - INFO - XGBoost model predictions made successfully
2024-08-07 00:26:15,847 - INFO - XGBoost model fitted successfully
2024-08-07 00:26:15,852 - INFO - XGBoost model predictions made successfully
2024-08-07 00:26:15,896 - INFO - XGBoost model fitted successfully
2024-08-07 00:26:15,900 - INFO - XGBoost model predictions made successfully
2024-08-07 00:26:15,901 - INFO - XGBoost model backtesting completed successfully
2024-08-07 00:26:15,902 - INFO - XGBoost model backtested successfully.
2024-08-07 00:26:15,902 - INFO - Backtest results shape: (21, 2)
2024-08-07 00:26:16,797 - INFO - Model performance plot created successfully
2024-08-07 00:26:16,797 - INFO - Results visualized successfully.
2024-08-07 00:27:03,801 - INFO - Data loaded successfully from AAPL.csv
2024-08-07 00:27:03,804 - INFO - Date column Date converted to datetime successfully
2024-08-07 00:27:03,804 - INFO - Data columns: Index(['Date', 'AAPL', 'TXN'], dtype='object')
2024-08-07 00:27:03,804 - INFO - Data shape: (26, 3)
2024-08-07 00:27:03,805 - INFO - Data preprocessing completed successfully
2024-08-07 00:27:03,806 - INFO - Data loaded and preprocessed successfully.
2024-08-07 00:27:03,806 - INFO - Train-test split created successfully.
2024-08-07 00:27:03,806 - INFO - Train shape: (20, 5), Test shape: (6, 5)
2024-08-07 00:27:05,856 - INFO - Line plot for AAPL created successfully
2024-08-07 00:27:05,856 - WARNING - Not enough data for seasonal decomposition (need at least 730 observations)
2024-08-07 00:27:07,015 - INFO - ACF and PACF plots for AAPL created successfully
2024-08-07 00:27:08,082 - INFO - Differenced series plot for AAPL created successfully
2024-08-07 00:27:08,142 - INFO - XGBoost model fitted successfully
2024-08-07 00:27:08,147 - INFO - XGBoost model predictions made successfully
2024-08-07 00:27:08,147 - INFO - XGBoost model trained and predictions made successfully.
2024-08-07 00:27:08,149 - WARNING - Empty train or test set at index 0
2024-08-07 00:27:08,185 - INFO - XGBoost model fitted successfully
2024-08-07 00:27:08,191 - INFO - XGBoost model predictions made successfully
2024-08-07 00:27:08,227 - INFO - XGBoost model fitted successfully
2024-08-07 00:27:08,232 - INFO - XGBoost model predictions made successfully
2024-08-07 00:27:08,270 - INFO - XGBoost model fitted successfully
2024-08-07 00:27:08,275 - INFO - XGBoost model predictions made successfully
2024-08-07 00:27:08,315 - INFO - XGBoost model fitted successfully
2024-08-07 00:27:08,319 - INFO - XGBoost model predictions made successfully
2024-08-07 00:27:08,362 - INFO - XGBoost model fitted successfully
2024-08-07 00:27:08,366 - INFO - XGBoost model predictions made successfully
2024-08-07 00:27:08,367 - INFO - XGBoost model backtesting completed successfully
2024-08-07 00:27:08,368 - INFO - XGBoost model backtested successfully.
2024-08-07 00:27:08,369 - INFO - Backtest results shape: (21, 2)
2024-08-07 00:27:10,084 - INFO - Model performance plot created successfully
2024-08-07 00:27:10,084 - INFO - Results visualized successfully.
2024-08-07 00:27:58,638 - INFO - Data loaded successfully from AAPL.csv
2024-08-07 00:27:58,642 - INFO - Date column Date converted to datetime successfully
2024-08-07 00:27:58,642 - INFO - Data columns: Index(['Date', 'AAPL', 'TXN'], dtype='object')
2024-08-07 00:27:58,642 - INFO - Data shape: (26, 3)
2024-08-07 00:27:58,644 - INFO - Data preprocessing completed successfully
2024-08-07 00:27:58,644 - INFO - Data loaded and preprocessed successfully.
2024-08-07 00:27:58,644 - INFO - Train-test split created successfully.
2024-08-07 00:27:58,644 - INFO - Train shape: (20, 5), Test shape: (6, 5)
2024-08-07 00:28:00,555 - INFO - Line plot for AAPL created successfully
2024-08-07 00:28:00,555 - WARNING - Not enough data for seasonal decomposition (need at least 730 observations)
2024-08-07 00:28:01,813 - INFO - ACF and PACF plots for AAPL created successfully
2024-08-07 00:28:02,925 - INFO - Differenced series plot for AAPL created successfully
2024-08-07 00:28:02,991 - INFO - XGBoost model fitted successfully
2024-08-07 00:28:02,998 - INFO - XGBoost model predictions made successfully
2024-08-07 00:28:02,998 - INFO - XGBoost model trained and predictions made successfully.
2024-08-07 00:28:02,999 - WARNING - Empty train or test set at index 0
2024-08-07 00:28:03,034 - INFO - XGBoost model fitted successfully
2024-08-07 00:28:03,039 - INFO - XGBoost model predictions made successfully
2024-08-07 00:28:03,078 - INFO - XGBoost model fitted successfully
2024-08-07 00:28:03,083 - INFO - XGBoost model predictions made successfully
2024-08-07 00:28:03,123 - INFO - XGBoost model fitted successfully
2024-08-07 00:28:03,128 - INFO - XGBoost model predictions made successfully
2024-08-07 00:28:03,172 - INFO - XGBoost model fitted successfully
2024-08-07 00:28:03,178 - INFO - XGBoost model predictions made successfully
2024-08-07 00:28:03,221 - INFO - XGBoost model fitted successfully
2024-08-07 00:28:03,226 - INFO - XGBoost model predictions made successfully
2024-08-07 00:28:03,228 - INFO - XGBoost model backtesting completed successfully
2024-08-07 00:28:03,229 - INFO - XGBoost model backtested successfully.
2024-08-07 00:28:03,229 - INFO - Backtest results shape: (21, 2)
2024-08-07 00:28:04,420 - INFO - Model performance plot created successfully
2024-08-07 00:28:04,420 - INFO - Results visualized successfully.
2024-08-07 00:29:09,150 - INFO - Data loaded successfully from AAPL.csv
2024-08-07 00:29:09,153 - INFO - Date column Date converted to datetime successfully
2024-08-07 00:29:09,153 - INFO - Data columns: Index(['Date', 'AAPL', 'TXN'], dtype='object')
2024-08-07 00:29:09,154 - INFO - Data shape: (26, 3)
2024-08-07 00:29:09,155 - INFO - Data preprocessing completed successfully
2024-08-07 00:29:09,155 - INFO - Data loaded and preprocessed successfully.
2024-08-07 00:29:09,155 - INFO - Train-test split created successfully.
2024-08-07 00:29:09,155 - INFO - Train shape: (20, 5), Test shape: (6, 5)
2024-08-07 00:29:11,984 - INFO - Line plot for AAPL created successfully
2024-08-07 00:29:11,984 - WARNING - Not enough data for seasonal decomposition (need at least 730 observations)
2024-08-07 00:29:13,784 - INFO - ACF and PACF plots for AAPL created successfully
2024-08-07 00:29:14,882 - INFO - Differenced series plot for AAPL created successfully
2024-08-07 00:29:14,962 - INFO - XGBoost model fitted successfully
2024-08-07 00:29:14,968 - INFO - XGBoost model predictions made successfully
2024-08-07 00:29:14,969 - INFO - XGBoost model trained and predictions made successfully.
2024-08-07 00:29:14,970 - WARNING - Empty train or test set at index 0
2024-08-07 00:29:15,008 - INFO - XGBoost model fitted successfully
2024-08-07 00:29:15,013 - INFO - XGBoost model predictions made successfully
2024-08-07 00:29:15,053 - INFO - XGBoost model fitted successfully
2024-08-07 00:29:15,057 - INFO - XGBoost model predictions made successfully
2024-08-07 00:29:15,098 - INFO - XGBoost model fitted successfully
2024-08-07 00:29:15,103 - INFO - XGBoost model predictions made successfully
2024-08-07 00:29:15,147 - INFO - XGBoost model fitted successfully
2024-08-07 00:29:15,152 - INFO - XGBoost model predictions made successfully
2024-08-07 00:29:15,193 - INFO - XGBoost model fitted successfully
2024-08-07 00:29:15,198 - INFO - XGBoost model predictions made successfully
2024-08-07 00:29:15,199 - INFO - XGBoost model backtesting completed successfully
2024-08-07 00:29:15,201 - INFO - XGBoost model backtested successfully.
2024-08-07 00:29:15,201 - INFO - Backtest results shape: (21, 2)
2024-08-07 00:29:16,213 - INFO - Model performance plot created successfully
2024-08-07 00:29:16,213 - INFO - Results visualized successfully.
2024-08-07 00:31:24,067 - INFO - Data loaded successfully from AAPL.csv
2024-08-07 00:31:24,070 - INFO - Date column Date converted to datetime successfully
2024-08-07 00:31:24,070 - INFO - Data columns: Index(['Date', 'AAPL', 'TXN'], dtype='object')
2024-08-07 00:31:24,070 - INFO - Data shape: (26, 3)
2024-08-07 00:31:24,071 - INFO - Data preprocessing completed successfully
2024-08-07 00:31:24,072 - INFO - Data loaded and preprocessed successfully.
2024-08-07 00:31:24,072 - INFO - Train-test split created successfully.
2024-08-07 00:31:24,072 - INFO - Train shape: (20, 5), Test shape: (6, 5)
2024-08-07 00:31:27,136 - INFO - Line plot for AAPL created successfully
2024-08-07 00:31:27,137 - WARNING - Not enough data for seasonal decomposition (need at least 730 observations)
2024-08-07 00:31:29,615 - INFO - ACF and PACF plots for AAPL created successfully
2024-08-07 00:31:30,811 - INFO - Differenced series plot for AAPL created successfully
2024-08-07 00:31:30,904 - INFO - XGBoost model fitted successfully
2024-08-07 00:31:30,909 - INFO - XGBoost model predictions made successfully
2024-08-07 00:31:30,910 - INFO - XGBoost model trained and predictions made successfully.
2024-08-07 00:31:30,911 - WARNING - Empty train or test set at index 0
2024-08-07 00:31:30,947 - INFO - XGBoost model fitted successfully
2024-08-07 00:31:30,952 - INFO - XGBoost model predictions made successfully
2024-08-07 00:31:30,990 - INFO - XGBoost model fitted successfully
2024-08-07 00:31:30,995 - INFO - XGBoost model predictions made successfully
2024-08-07 00:31:31,036 - INFO - XGBoost model fitted successfully
2024-08-07 00:31:31,041 - INFO - XGBoost model predictions made successfully
2024-08-07 00:31:31,084 - INFO - XGBoost model fitted successfully
2024-08-07 00:31:31,089 - INFO - XGBoost model predictions made successfully
2024-08-07 00:31:31,163 - INFO - XGBoost model fitted successfully
2024-08-07 00:31:31,167 - INFO - XGBoost model predictions made successfully
2024-08-07 00:31:31,169 - INFO - XGBoost model backtesting completed successfully
2024-08-07 00:31:31,170 - INFO - XGBoost model backtested successfully.
2024-08-07 00:31:31,170 - INFO - Backtest results shape: (21, 2)
2024-08-07 00:31:32,813 - INFO - Model performance plot created successfully
2024-08-07 00:31:32,813 - INFO - Results visualized successfully.
